ELBREAD: Elaboration process.
ELBREAD: Elaboration time 0.0 [s].
KERNEL: Main thread initiated.
KERNEL: Kernel process initialization phase.
KERNEL: Time resolution set to 1ps.
ELAB2: Elaboration final pass...
KERNEL: PLI/VHPI kernel's engine initialization done.
PLI: Loading library 'C:\lscc\diamond\3.8_x64\active-hdl\bin\systf.dll'
ELAB2: Create instances ...
ELAB2: Create instances complete.
SLP: Started
SLP: Elaboration phase ...
SLP: Elaboration phase ... done : 0.0 [s]
SLP: Generation phase ...
SLP: Generation phase ... done : 0.5 [s]
SLP: Finished : 0.5 [s]
SLP: 0 primitives and 7 (100.00%) other processes in SLP
SLP: 22 (100.00%) signals in SLP and 0 interface signals
ELAB2: Elaboration final pass complete - time: 0.5 [s].
KERNEL: SLP loading done - time: 17.9 [s].
KERNEL: Warning: You are using the Active-HDL Lattice Edition. The performance of simulation is running at a reduced rate.
KERNEL: Warning: Contact Aldec for available upgrade options - sales@aldec.com.
KERNEL: SLP simulation initialization done - time: 0.0 [s].
KERNEL: Kernel process initialization done.
Allocation: Simulator allocated 5537 kB (elbread=1280 elab2=4112 kernel=145 sdf=0)
KERNEL: ASDB file was created in location C:\shared\backsub\wave.asdb
trace -rec *
VSIMSA: 22 signal(s) traced.
run -all
KERNEL: Test 1 Started!
KERNEL: Error: Test 1 failed! No data input, but data output received.
KERNEL: Test 1 Done!
KERNEL: Simulation done!
RUNTIME: RUNTIME_0068 tb_dual_diagonal_backsub.sv (73): $finish called.
KERNEL: Time: 151080 ps,  Iteration: 0,  Instance: /tb_dual_diagonal_backsub,  Process: @INITIAL#stimulus@.
KERNEL: stopped at time: 151080 ps
VSIM: Simulation has finished. There are no more test vectors to simulate.
vsim -nosplash -do "view wave; waveconnect wave.asdb; do wave.do; wavezoom -fit"
error: syntax error
vsim -nosplash -do "view wave; waveconnect wave.asdb; do wave.do; wavezoom -fit"<--
view wave
Error: Unknown command `view'
waveconnect
Error: Unknown command `waveconnect'
do
do [[-tcl | -msim] | [-do] [-start <line>] [-stop <line>]] <filename> [<parameter_value> ...]
do wave.do
Cannot open file `wave.do'.
ls
Error: Unknown command `ls'
dir
Error: Unknown command `dir'
exit
VSIM: Simulation has finished.
ELBREAD: Elaboration process.
ELBREAD: Elaboration time 0.0 [s].
KERNEL: Main thread initiated.
KERNEL: Kernel process initialization phase.
KERNEL: Time resolution set to 1ps.
ELAB2: Elaboration final pass...
KERNEL: PLI/VHPI kernel's engine initialization done.
PLI: Loading library 'C:\lscc\diamond\3.8_x64\active-hdl\bin\systf.dll'
ELAB2: Create instances ...
ELAB2: Create instances complete.
SLP: Started
SLP: Elaboration phase ...
SLP: Elaboration phase ... done : 0.0 [s]
SLP: Generation phase ...
SLP: Generation phase ... done : 0.3 [s]
SLP: Finished : 0.3 [s]
SLP: 0 primitives and 7 (100.00%) other processes in SLP
SLP: 21 (100.00%) signals in SLP and 0 interface signals
ELAB2: Elaboration final pass complete - time: 0.3 [s].
KERNEL: SLP loading done - time: 16.2 [s].
KERNEL: Warning: You are using the Active-HDL Lattice Edition. The performance of simulation is running at a reduced rate.
KERNEL: Warning: Contact Aldec for available upgrade options - sales@aldec.com.
KERNEL: SLP simulation initialization done - time: 0.0 [s].
KERNEL: Kernel process initialization done.
Allocation: Simulator allocated 5537 kB (elbread=1280 elab2=4112 kernel=145 sdf=0)
KERNEL: ASDB file was created in location C:\shared\backsub\wave.asdb
exit
VSIM: Simulation has finished.
ELBREAD: Elaboration process.
ELBREAD: Elaboration time 0.0 [s].
KERNEL: Main thread initiated.
KERNEL: Kernel process initialization phase.
KERNEL: Time resolution set to 1ps.
ELAB2: Elaboration final pass...
KERNEL: PLI/VHPI kernel's engine initialization done.
PLI: Loading library 'C:\lscc\diamond\3.8_x64\active-hdl\bin\systf.dll'
ELAB2: Create instances ...
ELAB2: Create instances complete.
SLP: Started
SLP: Elaboration phase ...
SLP: Elaboration phase ... done : 0.0 [s]
SLP: Generation phase ...
SLP: Generation phase ... done : 0.3 [s]
SLP: Finished : 0.3 [s]
SLP: 0 primitives and 7 (100.00%) other processes in SLP
SLP: 21 (100.00%) signals in SLP and 0 interface signals
ELAB2: Elaboration final pass complete - time: 0.4 [s].
KERNEL: SLP loading done - time: 16.0 [s].
KERNEL: Warning: You are using the Active-HDL Lattice Edition. The performance of simulation is running at a reduced rate.
KERNEL: Warning: Contact Aldec for available upgrade options - sales@aldec.com.
KERNEL: SLP simulation initialization done - time: 0.0 [s].
KERNEL: Kernel process initialization done.
Allocation: Simulator allocated 5537 kB (elbread=1280 elab2=4112 kernel=145 sdf=0)
KERNEL: ASDB file was created in location C:\shared\backsub\wave.asdb
run -all
KERNEL: Test 1 Started!
KERNEL: Error: Test 1 failed! No data input, but data output received.
KERNEL: Test 1 Done!
KERNEL: Simulation done!
RUNTIME: RUNTIME_0068 tb_dual_diagonal_backsub.sv (74): $finish called.
KERNEL: Time: 151080 ps,  Iteration: 0,  Instance: /tb_dual_diagonal_backsub,  Process: @INITIAL#stimulus@.
KERNEL: stopped at time: 151080 ps
VSIM: Simulation has finished. There are no more test vectors to simulate.
exit
VSIM: Simulation has finished.
ELBREAD: Elaboration process.
ELBREAD: Elaboration time 0.0 [s].
KERNEL: Main thread initiated.
KERNEL: Kernel process initialization phase.
KERNEL: Time resolution set to 1ps.
ELAB2: Elaboration final pass...
KERNEL: PLI/VHPI kernel's engine initialization done.
PLI: Loading library 'C:\lscc\diamond\3.8_x64\active-hdl\bin\systf.dll'
ELAB2: Create instances ...
ELAB2: Create instances complete.
SLP: Started
SLP: Elaboration phase ...
SLP: Elaboration phase ... done : 0.0 [s]
SLP: Generation phase ...
SLP: Generation phase ... done : 0.3 [s]
SLP: Finished : 0.3 [s]
SLP: 0 primitives and 7 (100.00%) other processes in SLP
SLP: 21 (100.00%) signals in SLP and 0 interface signals
ELAB2: Elaboration final pass complete - time: 0.4 [s].
KERNEL: SLP loading done - time: 15.7 [s].
KERNEL: Warning: You are using the Active-HDL Lattice Edition. The performance of simulation is running at a reduced rate.
KERNEL: Warning: Contact Aldec for available upgrade options - sales@aldec.com.
KERNEL: SLP simulation initialization done - time: 0.0 [s].
KERNEL: Kernel process initialization done.
Allocation: Simulator allocated 5537 kB (elbread=1280 elab2=4112 kernel=145 sdf=0)
KERNEL: ASDB file was created in location C:\shared\backsub\wave.asdb
trace -rec *
VSIMSA: 21 signal(s) traced.
run -all
KERNEL: Test 1 Started!
KERNEL: Error: Test 1 failed! No data input, but data output received.
KERNEL: Test 1 Done!
KERNEL: Simulation done!
RUNTIME: RUNTIME_0068 tb_dual_diagonal_backsub.sv (74): $finish called.
KERNEL: Time: 151080 ps,  Iteration: 0,  Instance: /tb_dual_diagonal_backsub,  Process: @INITIAL#stimulus@.
KERNEL: stopped at time: 151080 ps
VSIM: Simulation has finished. There are no more test vectors to simulate.
exit
VSIM: Simulation has finished.
ELBREAD: Elaboration process.
ELBREAD: Elaboration time 0.0 [s].
KERNEL: Main thread initiated.
KERNEL: Kernel process initialization phase.
KERNEL: Time resolution set to 1ps.
ELAB2: Elaboration final pass...
KERNEL: PLI/VHPI kernel's engine initialization done.
PLI: Loading library 'C:\lscc\diamond\3.8_x64\active-hdl\bin\systf.dll'
ELAB2: Create instances ...
ELAB2: Create instances complete.
SLP: Started
SLP: Elaboration phase ...
SLP: Elaboration phase ... done : 0.0 [s]
SLP: Generation phase ...
SLP: Generation phase ... done : 0.2 [s]
SLP: Finished : 0.3 [s]
SLP: 0 primitives and 7 (100.00%) other processes in SLP
SLP: 21 (100.00%) signals in SLP and 0 interface signals
ELAB2: Elaboration final pass complete - time: 0.3 [s].
KERNEL: SLP loading done - time: 0.0 [s].
KERNEL: Warning: You are using the Active-HDL Lattice Edition. The performance of simulation is running at a reduced rate.
KERNEL: Warning: Contact Aldec for available upgrade options - sales@aldec.com.
KERNEL: SLP simulation initialization done - time: 0.0 [s].
KERNEL: Kernel process initialization done.
Allocation: Simulator allocated 5537 kB (elbread=1280 elab2=4112 kernel=145 sdf=0)
KERNEL: ASDB file was created in location C:\shared\backsub\wave.asdb
trace -rec *
VSIMSA: 21 signal(s) traced.
run -all
KERNEL: Test 1 Started!
KERNEL: Error: Test 1 failed! No data input, but data output received.
KERNEL: Test 1 Done!
KERNEL: Simulation done!
RUNTIME: RUNTIME_0068 tb_dual_diagonal_backsub.sv (74): $finish called.
KERNEL: Time: 151080 ps,  Iteration: 0,  Instance: /tb_dual_diagonal_backsub,  Process: @INITIAL#stimulus@.
KERNEL: stopped at time: 151080 ps
VSIM: Simulation has finished. There are no more test vectors to simulate.
exit
VSIM: Simulation has finished.
ELBREAD: Elaboration process.
ELBREAD: Elaboration time 0.0 [s].
KERNEL: Main thread initiated.
KERNEL: Kernel process initialization phase.
KERNEL: Time resolution set to 1ps.
ELAB2: Elaboration final pass...
KERNEL: PLI/VHPI kernel's engine initialization done.
PLI: Loading library 'C:\lscc\diamond\3.8_x64\active-hdl\bin\systf.dll'
ELAB2: Create instances ...
ELAB2: Create instances complete.
SLP: Started
SLP: Elaboration phase ...
SLP: Elaboration phase ... done : 0.0 [s]
SLP: Generation phase ...
SLP: Generation phase ... done : 0.2 [s]
SLP: Finished : 0.3 [s]
SLP: 0 primitives and 7 (100.00%) other processes in SLP
SLP: 21 (100.00%) signals in SLP and 0 interface signals
ELAB2: Elaboration final pass complete - time: 0.3 [s].
KERNEL: SLP loading done - time: 0.0 [s].
KERNEL: Warning: You are using the Active-HDL Lattice Edition. The performance of simulation is running at a reduced rate.
KERNEL: Warning: Contact Aldec for available upgrade options - sales@aldec.com.
KERNEL: SLP simulation initialization done - time: 0.0 [s].
KERNEL: Kernel process initialization done.
Allocation: Simulator allocated 5537 kB (elbread=1280 elab2=4112 kernel=145 sdf=0)
KERNEL: ASDB file was created in location C:\shared\backsub\wave.asdb
trace -rec *
VSIMSA: 21 signal(s) traced.
run -all
KERNEL: Test 1 Started!
KERNEL: Error: Test 1 failed! No data input, but data output received.
KERNEL: Test 1 Done!
KERNEL: Simulation done!
RUNTIME: RUNTIME_0068 tb_dual_diagonal_backsub.sv (74): $finish called.
KERNEL: Time: 151080 ps,  Iteration: 0,  Instance: /tb_dual_diagonal_backsub,  Process: @INITIAL#stimulus@.
KERNEL: stopped at time: 151080 ps
VSIM: Simulation has finished. There are no more test vectors to simulate.
exit
VSIM: Simulation has finished.
ELBREAD: Elaboration process.
ELBREAD: Elaboration time 0.0 [s].
KERNEL: Main thread initiated.
KERNEL: Kernel process initialization phase.
KERNEL: Time resolution set to 1ps.
ELAB2: Elaboration final pass...
KERNEL: PLI/VHPI kernel's engine initialization done.
PLI: Loading library 'C:\lscc\diamond\3.8_x64\active-hdl\bin\systf.dll'
ELAB2: Create instances ...
ELAB2: Create instances complete.
SLP: Started
SLP: Elaboration phase ...
SLP: Elaboration phase ... done : 0.0 [s]
SLP: Generation phase ...
SLP: Generation phase ... done : 0.3 [s]
SLP: Finished : 0.3 [s]
SLP: 0 primitives and 7 (100.00%) other processes in SLP
SLP: 21 (100.00%) signals in SLP and 0 interface signals
ELAB2: Elaboration final pass complete - time: 0.3 [s].
KERNEL: SLP loading done - time: 0.0 [s].
KERNEL: Warning: You are using the Active-HDL Lattice Edition. The performance of simulation is running at a reduced rate.
KERNEL: Warning: Contact Aldec for available upgrade options - sales@aldec.com.
KERNEL: SLP simulation initialization done - time: 0.0 [s].
KERNEL: Kernel process initialization done.
Allocation: Simulator allocated 5537 kB (elbread=1280 elab2=4112 kernel=145 sdf=0)
KERNEL: ASDB file was created in location C:\shared\backsub\wave.asdb
trace -rec *
VSIMSA: 21 signal(s) traced.
run -all
KERNEL: Test 1 Started!
KERNEL: Error: Test 1 failed! No data input, but data output received.
KERNEL: Test 1 Done!
KERNEL: Simulation done!
RUNTIME: RUNTIME_0068 tb_dual_diagonal_backsub.sv (74): $finish called.
KERNEL: Time: 151080 ps,  Iteration: 0,  Instance: /tb_dual_diagonal_backsub,  Process: @INITIAL#stimulus@.
KERNEL: stopped at time: 151080 ps
VSIM: Simulation has finished. There are no more test vectors to simulate.
asdb2vcd wave.asdb wave.vcd
The wave.vcd file has been generated successfully.
exit
VSIM: Simulation has finished.
ELBREAD: Elaboration process.
ELBREAD: Elaboration time 0.0 [s].
KERNEL: Main thread initiated.
KERNEL: Kernel process initialization phase.
KERNEL: Time resolution set to 1ps.
ELAB2: Elaboration final pass...
KERNEL: PLI/VHPI kernel's engine initialization done.
PLI: Loading library 'C:\lscc\diamond\3.8_x64\active-hdl\bin\systf.dll'
ELAB2: Create instances ...
ELAB2: Create instances complete.
SLP: Started
SLP: Elaboration phase ...
SLP: Elaboration phase ... done : 0.0 [s]
SLP: Generation phase ...
SLP: Generation phase ... done : 0.3 [s]
SLP: Finished : 0.4 [s]
SLP: 0 primitives and 7 (100.00%) other processes in SLP
SLP: 23 (92.00%) signals in SLP and 2 (8.00%) interface signals
ELAB2: Elaboration final pass complete - time: 0.5 [s].
KERNEL: SLP loading done - time: 0.0 [s].
KERNEL: Warning: You are using the Active-HDL Lattice Edition. The performance of simulation is running at a reduced rate.
KERNEL: Warning: Contact Aldec for available upgrade options - sales@aldec.com.
KERNEL: SLP simulation initialization done - time: 0.0 [s].
KERNEL: Kernel process initialization done.
Allocation: Simulator allocated 5550 kB (elbread=1280 elab2=4124 kernel=145 sdf=0)
KERNEL: ASDB file was created in location C:\Users\user\mygit\Daryl-Workspace\lattice\backsub\wave.asdb
trace -rec *
VSIMSA: 23 signal(s) traced.
run -all
KERNEL: Test 1 Started!
KERNEL: Test 1 Done!
KERNEL: Test 2 Started!
KERNEL: Test 2 Done!
KERNEL: Test 3 Started!
KERNEL: Error: Output of  9362 expected, but received 46811.
KERNEL: Error: Output of  9362 expected, but received 46811.
KERNEL: Error: Output of 37449 expected, but received 56173.
KERNEL: Error: Output of 37449 expected, but received 56173.
KERNEL: Error: Output of 18724 expected, but received 28086.
KERNEL: Error: Output of 18724 expected, but received 28086.
KERNEL: Error: Output of  9362 expected, but received 46811.
KERNEL: Error: Output of  9362 expected, but received 46811.
KERNEL: Error: Output of 37449 expected, but received 56173.
KERNEL: Error: Output of 37449 expected, but received 56173.
KERNEL: Error: Output of 18724 expected, but received 28086.
KERNEL: Error: Output of 18724 expected, but received 28086.
KERNEL: Test 3 Done!
KERNEL: Test 4 Started!
KERNEL: Error: Test 4 failed! No data input, but data output received.
KERNEL: Test 4 Done!
KERNEL: Simulation done!
RUNTIME: RUNTIME_0068 tb_dual_diagonal_backsub.sv (170): $finish called.
KERNEL: Time: 518 ns,  Iteration: 0,  Instance: /tb_dual_diagonal_backsub,  Process: @INITIAL#stimulus@.
KERNEL: stopped at time: 518 ns
VSIM: Simulation has finished. There are no more test vectors to simulate.
asdb2vcd wave.asdb wave.vcd
The wave.vcd file has been generated successfully.
exit
VSIM: Simulation has finished.
ELBREAD: Elaboration process.
ELBREAD: Elaboration time 0.0 [s].
KERNEL: Main thread initiated.
KERNEL: Kernel process initialization phase.
KERNEL: Time resolution set to 1ps.
ELAB2: Elaboration final pass...
KERNEL: PLI/VHPI kernel's engine initialization done.
PLI: Loading library 'C:\lscc\diamond\3.8_x64\active-hdl\bin\systf.dll'
ELAB2: Create instances ...
ELAB2: Create instances complete.
SLP: Started
SLP: Elaboration phase ...
SLP: Elaboration phase ... done : 0.0 [s]
SLP: Generation phase ...
SLP: Generation phase ... done : 0.3 [s]
SLP: Finished : 0.3 [s]
SLP: 0 primitives and 7 (100.00%) other processes in SLP
SLP: 23 (92.00%) signals in SLP and 2 (8.00%) interface signals
ELAB2: Elaboration final pass complete - time: 0.4 [s].
KERNEL: SLP loading done - time: 0.0 [s].
KERNEL: Warning: You are using the Active-HDL Lattice Edition. The performance of simulation is running at a reduced rate.
KERNEL: Warning: Contact Aldec for available upgrade options - sales@aldec.com.
KERNEL: SLP simulation initialization done - time: 0.0 [s].
KERNEL: Kernel process initialization done.
Allocation: Simulator allocated 5550 kB (elbread=1280 elab2=4124 kernel=145 sdf=0)
KERNEL: ASDB file was created in location C:\Users\user\mygit\Daryl-Workspace\lattice\backsub\wave.asdb
trace -rec *
VSIMSA: 23 signal(s) traced.
run -all
KERNEL: Test 1 Started!
KERNEL: Test 1 Done!
KERNEL: Test 2 Started!
KERNEL: Test 2 Done!
KERNEL: Test 3 Started!
KERNEL: Error: Output of  9362 expected, but received 46811.
KERNEL: Error: Output of  9362 expected, but received 46811.
KERNEL: Error: Output of 37449 expected, but received 56173.
KERNEL: Error: Output of 37449 expected, but received 56173.
KERNEL: Error: Output of 18724 expected, but received 28086.
KERNEL: Error: Output of 18724 expected, but received 28086.
KERNEL: Error: Output of  9362 expected, but received 46811.
KERNEL: Error: Output of  9362 expected, but received 46811.
KERNEL: Error: Output of 37449 expected, but received 56173.
KERNEL: Error: Output of 37449 expected, but received 56173.
KERNEL: Error: Output of 18724 expected, but received 28086.
KERNEL: Error: Output of 18724 expected, but received 28086.
KERNEL: Test 3 Done!
KERNEL: Test 4 Started!
KERNEL: Test 4 Done!
KERNEL: Simulation done!
RUNTIME: RUNTIME_0068 tb_dual_diagonal_backsub.sv (170): $finish called.
KERNEL: Time: 518 ns,  Iteration: 0,  Instance: /tb_dual_diagonal_backsub,  Process: @INITIAL#stimulus@.
KERNEL: stopped at time: 518 ns
VSIM: Simulation has finished. There are no more test vectors to simulate.
asdb2vcd wave.asdb wave.vcd
The wave.vcd file has been generated successfully.
exit
VSIM: Simulation has finished.
